Arguments: 
  /usr/local/bin/node /usr/local/bin/yarn add eslint-plugin-import -D

PATH: 
  /usr/local/bin:/usr/bin:/bin:/usr/sbin:/sbin:/Users/deniskaplin/frontend-project-44/node_modules/.bin

Yarn version: 
  1.22.19

Node version: 
  16.16.0

Platform: 
  darwin x64

Trace: 
  SyntaxError: /Users/deniskaplin/frontend-project-44/package.json: Unexpected token } in JSON at position 895
      at JSON.parse (<anonymous>)
      at /usr/local/lib/node_modules/yarn/lib/cli.js:1629:59
      at Generator.next (<anonymous>)
      at step (/usr/local/lib/node_modules/yarn/lib/cli.js:310:30)
      at /usr/local/lib/node_modules/yarn/lib/cli.js:321:13

npm manifest: 
  {
    "name": "@hexlet/codes",
    "version": "1.0.0",
    "description": "[![Actions Status](https://github.com/DropDen/frontend-project-44/workflows/hexlet-check/badge.svg)](https://github.com/DropDen/frontend-project-44/actions)",
    "type": "module",
    "main": "index.js",
    "bin": {
      "brain-gamesf": "bin/brain-games.js"
    },
    "scripts": {
      "test": "echo \"Error: no test specified\" && exit 1"
    },
    "repository": {
      "type": "git",
      "url": "git+https://github.com/DropDen/frontend-project-44.git"
    },
    "author": "",
    "license": "ISC",
    "bugs": {
      "url": "https://github.com/DropDen/frontend-project-44/issues"
    },
    "homepage": "https://github.com/DropDen/frontend-project-44#readme",
    "dependencies": {
      "eslint-plugin-import": "^2.27.5",
      "readline-sync": "^1.4.10"
    },
    "devDependencies": {
      "eslint": "^8.33.0",
      "eslint-config-airbnb-base": "^15.0.0",
    }
  }

yarn manifest: 
  No manifest

Lockfile: 
  No lockfile
